[0307/224051.108:ERROR:audio_rtp_receiver.cc(89)] AudioRtpReceiver::OnSetVolume: No audio channel exists.
[0307/224051.108:WARNING:used_ids.h(55)] Duplicate id found. Reassigning from 104 to 127
[0307/224051.108:WARNING:used_ids.h(55)] Duplicate id found. Reassigning from 102 to 125
[0307/224051.108:WARNING:used_ids.h(55)] Duplicate id found. Reassigning from 104 to 124
[0307/224051.108:WARNING:used_ids.h(55)] Duplicate id found. Reassigning from 106 to 123
[0307/224051.108:WARNING:used_ids.h(55)] Duplicate id found. Reassigning from 103 to 122
[0307/224051.108:WARNING:used_ids.h(55)] Duplicate id found. Reassigning from 105 to 121
[0307/224051.108:WARNING:used_ids.h(55)] Duplicate id found. Reassigning from 109 to 120
[0307/224051.109:WARNING:used_ids.h(55)] Duplicate id found. Reassigning from 1 to 14
[0307/224051.109:WARNING:used_ids.h(55)] Duplicate id found. Reassigning from 3 to 13
[0307/224051.109:WARNING:used_ids.h(55)] Duplicate id found. Reassigning from 5 to 12
[0307/224051.109:WARNING:used_ids.h(55)] Duplicate id found. Reassigning from 6 to 11
[0307/224102.658:WARNING:spdy_session.cc(3365)] Received HEADERS for invalid stream 69
[0307/224138.627:WARNING:spdy_session.cc(3365)] Received HEADERS for invalid stream 95
[0307/224140.003:WARNING:spdy_session.cc(3365)] Received HEADERS for invalid stream 111
[0307/224210.264:ERROR:batching_media_log.cc(38)] MediaEvent: {"error":"FFmpegDemuxer: no supported streams"}
[0307/224210.264:ERROR:batching_media_log.cc(38)] MediaEvent: {"error":"FFmpegDemuxer: no supported streams"}
[0307/224210.264:ERROR:batching_media_log.cc(35)] MediaEvent: {"pipeline_error":14}
[0307/224210.264:ERROR:batching_media_log.cc(35)] MediaEvent: {"pipeline_error":14}
[0307/232119.524:WARNING:ipc_message_attachment_set.cc(49)] MessageAttachmentSet destroyed with unconsumed attachments: 0/1
[0308/103624.246:ERROR:batching_media_log.cc(38)] MediaEvent: {"error":"FFmpegDemuxer: no supported streams"}
[0308/103624.247:ERROR:batching_media_log.cc(35)] MediaEvent: {"pipeline_error":14}
[0308/103624.250:ERROR:batching_media_log.cc(38)] MediaEvent: {"error":"FFmpegDemuxer: no supported streams"}
[0308/103624.250:ERROR:batching_media_log.cc(35)] MediaEvent: {"pipeline_error":14}
